#
#model:
#
#<?xml version="1.0" encoding="UTF-8" standalone="no"?><input id="posterior" spec="beast.core.util.CompoundDistribution">
#    <distribution id="prior" spec="beast.core.util.CompoundDistribution">
#        <distribution id="YuleModel.t:alignment_twin_evidence" spec="beast.evolution.speciation.YuleModel">
#            <parameter id="birthRate.t:alignment_twin_evidence" name="birthDiffRate" spec="beast.core.parameter.RealParameter">1.0</parameter>
#            <tree id="Tree.t:alignment_twin_evidence" spec="beast.evolution.tree.Tree">
#                <taxonset id="TaxonSet.alignment_twin_evidence" spec="beast.evolution.alignment.TaxonSet">
#                </taxonset>
#            </tree>
#        </distribution>
#        <prior id="YuleBirthRatePrior.t:alignment_twin_evidence" name="distribution" x="@birthRate.t:alignment_twin_evidence">
#            <Uniform id="Uniform.100" name="distr" upper="Infinity"/>
#        </prior>
#        <prior id="kappa1Prior.s:alignment_twin_evidence" name="distribution">
#            <parameter id="kappa1.s:alignment_twin_evidence" lower="0.0" name="x" spec="beast.core.parameter.RealParameter">2.0</parameter>
#            <LogNormal id="LogNormalDistributionModel.0" name="distr">
#                <parameter estimate="false" id="RealParameter.0" name="M" spec="beast.core.parameter.RealParameter">1.0</parameter>
#                <parameter estimate="false" id="RealParameter.1" lower="0.0" name="S" spec="beast.core.parameter.RealParameter" upper="Infinity">1.25</parameter>
#            </LogNormal>
#        </prior>
#        <prior id="kappa2Prior.s:alignment_twin_evidence" name="distribution">
#            <parameter id="kappa2.s:alignment_twin_evidence" lower="0.0" name="x" spec="beast.core.parameter.RealParameter">2.0</parameter>
#            <LogNormal id="LogNormalDistributionModel.1" name="distr">
#                <parameter estimate="false" id="RealParameter.2" name="M" spec="beast.core.parameter.RealParameter">1.0</parameter>
#                <parameter estimate="false" id="RealParameter.3" lower="0.0" name="S" spec="beast.core.parameter.RealParameter" upper="Infinity">1.25</parameter>
#            </LogNormal>
#        </prior>
#    </distribution>
#    <distribution id="likelihood" spec="beast.core.util.CompoundDistribution" useThreads="true">
#        <distribution data="@alignment_twin_evidence" id="treeLikelihood.alignment_twin_evidence" spec="beast.evolution.likelihood.ThreadedTreeLikelihood" tree="@Tree.t:alignment_twin_evidence">
#            <siteModel id="SiteModel.s:alignment_twin_evidence" spec="beast.evolution.sitemodel.SiteModel">
#                <parameter estimate="false" id="mutationRate.s:alignment_twin_evidence" name="mutationRate" spec="beast.core.parameter.RealParameter">1.0</parameter>
#                <parameter estimate="false" id="gammaShape.s:alignment_twin_evidence" name="shape" spec="beast.core.parameter.RealParameter">1.0</parameter>
#                <parameter estimate="false" id="proportionInvariant.s:alignment_twin_evidence" lower="0.0" name="proportionInvariant" spec="beast.core.parameter.RealParameter" upper="1.0">0.0</parameter>
#                <substModel id="tn93.s:alignment_twin_evidence" kappa1="@kappa1.s:alignment_twin_evidence" kappa2="@kappa2.s:alignment_twin_evidence" spec="beast.evolution.substitutionmodel.TN93">
#                    <frequencies id="estimatedFreqs.s:alignment_twin_evidence" spec="beast.evolution.substitutionmodel.Frequencies">
#                        <parameter dimension="4" id="freqParameter.s:alignment_twin_evidence" lower="0.0" name="frequencies" spec="beast.core.parameter.RealParameter" upper="1.0">0.25</parameter>
#                    </frequencies>
#                </substModel>
#            </siteModel>
#            <branchRateModel id="StrictClock.c:alignment_twin_evidence" spec="beast.evolution.branchratemodel.StrictClockModel">
#                <parameter estimate="false" id="clockRate.c:alignment_twin_evidence" name="clock.rate" spec="beast.core.parameter.RealParameter">1.0</parameter>
#            </branchRateModel>
#        </distribution>
#    </distribution>
#</input>
#
Sample	NSlikelihood	posterior	likelihood	prior	treeLikelihood	TreeHeight	kappa1	kappa2	freqParameter.1	freqParameter.2	freqParameter.3	freqParameter.4	YuleModel	birthRate
0	-9268.176528908743	-9253.725366823674	-9268.176528908743	14.451162085069965	-9268.176528908743	0.023495784166721823	3.4931859497636712	2.9255380061624514	0.2710125886826573	0.2205732119984227	0.2556434882403802	0.2527707110785398	19.08147703899362	53.341353256431724
1	-9185.485135314659	-9176.130249585585	-9185.485135314659	9.354885729073679	-9185.485135314659	0.079672216689036	1.9259214788147785	2.953415431893615	0.27545695502238365	0.1924692132355085	0.264376038600521	0.2676977931415868	13.41761792140597	31.43194462485891
2	-9010.130310907622	-8984.051649833904	-9010.130310907622	26.078661073718287	-9010.130310907622	0.003617880718138181	0.7716610661494813	2.670135813277822	0.26411568101053673	0.19316239553919892	0.2720095197457623	0.270712403704502	29.593241946766405	460.30601676220647
3	-8934.222547490766	-8914.826346568008	-8934.222547490766	19.396200922758183	-8934.222547490766	0.009543974174436459	0.8495410551193502	2.095504445747438	0.2637251621941034	0.18506220214610034	0.2908625247495315	0.2603501109102648	22.71163263542619	234.11314267485525
4	-7827.823556890974	-7812.07772218484	-7827.823556890974	15.745834706133753	-7827.823556890974	0.018059853382253615	1.5527483777525628	2.6822125997120216	0.28467295707577434	0.17959407069778677	0.27879307497648953	0.2569398972499494	19.55706703268675	92.02967190650612
5	-7784.193869537069	-7767.034976317862	-7784.193869537069	17.15889321920676	-7784.193869537069	0.021024582029516806	2.65029409670615	1.1260282603200555	0.28174035806146297	0.17700186233493728	0.27218322183021576	0.26907455777338407	20.785172537321042	103.57887979562318
6	-7282.648071679568	-7270.597546014034	-7282.648071679568	12.050525665533199	-7282.648071679568	0.036607077052003265	3.8055566090508326	1.3147040817075673	0.2849454622297069	0.1746087837595582	0.2675591045634799	0.27288664944725505	16.14983473084895	58.786539274824904
7	-6606.311940616787	-6604.4747017558975	-6606.311940616787	1.8372388608898886	-6606.311940616787	0.1714684279421826	5.501149945844485	1.7026586563941286	0.2855370716601576	0.16010847315010607	0.2660691856449758	0.28828526954476064	6.587610293477372	8.736645880581543
8	-6498.267361126802	-6497.567114204006	-6498.267361126802	0.7002469227957182	-6498.267361126802	0.14616193335717137	6.295726994418169	2.2563466611830143	0.2702677429656076	0.15914387450244138	0.27018998187363374	0.3003984006583173	5.874852818212091	24.519102786250336
9	-6368.531612430461	-6366.009648533502	-6368.531612430461	2.5219638969595652	-6368.531612430461	0.13189388797259924	3.916230449895271	5.73539930024696	0.24964808284623008	0.16448631858212578	0.28064686593637506	0.30521873263526905	8.138976398339738	17.557145418623055
10	-4933.377051724733	-4947.872575429677	-4933.377051724733	-14.495523704944443	-4933.377051724733	2.023550028123429	5.277939742593331	4.4621173169419635	0.25881409670974137	0.15382449996394534	0.29112251417281854	0.2962388891534947	-8.8327051811994	0.5405336812370516
11	-4785.899314312667	-4813.863888948102	-4785.899314312667	-27.964574635434865	-4785.899314312667	23.367433680623375	20.661318524073078	2.079538991121678	0.2678548742527085	0.15772658579349952	0.2907813824248069	0.28363715752898516	-20.580609728023497	0.08577057925213753
12	-4668.239985877163	-4681.368582609121	-4668.239985877163	-13.128596731957861	-4668.239985877163	1.7500957428482062	6.539693387448287	2.079538991121678	0.2594184752294986	0.1450517993286006	0.2999595139123738	0.295570211529527	-7.96481621455694	0.9466959092481493
13	-4665.806698246497	-4680.771349145505	-4665.806698246497	-14.964650899007854	-4665.806698246497	1.7878724292931765	11.032121894184797	3.376053045770353	0.2709128229288236	0.14527397540220388	0.31194765625861864	0.2718655454103539	-8.420013358999576	0.593394354249934
14	-4549.0433024904805	-4556.494854734219	-4549.0433024904805	-7.45155224373825	-4549.0433024904805	0.813872607550797	2.087731561414213	2.1899085350717256	0.25692782474401676	0.14796469933547998	0.3174551638000074	0.27765231212049596	-3.6102113604680794	1.429576981919038
15	-4351.733176458872	-4358.362222782833	-4351.733176458872	-6.629046323960765	-4351.733176458872	0.7583135513133353	2.5098277843062773	2.184309463109788	0.2642860515926846	0.1473323004010933	0.3109112831278794	0.2774703648783428	-2.6260256850817623	2.6036584519747827
16	-4291.242198382602	-4303.525265152496	-4291.242198382602	-12.283066769894777	-4291.242198382602	2.651725205230281	3.4973342460058614	0.8628167070289905	0.2696858185461665	0.1381968652993512	0.3204556319618775	0.27166168419260495	-8.452732195891873	1.398623152258903
17	-4184.3840795433425	-4191.185190875259	-4184.3840795433425	-6.801111331916119	-4184.3840795433425	1.002900145694691	1.9340556092367849	0.8628167070289905	0.2663838683588803	0.16128189871926374	0.3253642537668444	0.24696997915501168	-3.5464051695701686	1.1436739095683672
18	-4032.392910864921	-4043.1820878974117	-4032.392910864921	-10.789177032491033	-4032.392910864921	1.7003294855435387	3.3123896629233314	0.35034088078668085	0.26162763921130483	0.17451713031333002	0.3342081103200466	0.22964712015531866	-7.0003982957079405	1.018915130636739
19	-3941.891280204278	-3947.411492161509	-3941.891280204278	-5.520211957231512	-3941.891280204278	0.840392226057731	2.3397192256302968	0.9258362687882135	0.2650573529981038	0.1773703090061115	0.32818890299815073	0.229383434997634	-2.0846605263577356	1.4138983799757003
20	-3895.233085371841	-3899.6445320116172	-3895.233085371841	-4.411446639776454	-3895.233085371841	0.7249673659572209	1.6427993372557832	1.0234028156648327	0.24209539231559538	0.17775114634590847	0.34763053879426603	0.23252292254423015	-1.2212259850349032	1.9213799171576154
21	-3873.187858461835	-3880.7746341874067	-3873.187858461835	-7.586775725571743	-3873.187858461835	0.9575449105458939	3.6745480780403526	1.2647863053404351	0.2608308831662219	0.1887297950126366	0.34507648007677305	0.20536284174436853	-3.549883573754224	1.6928819883876112
22	-3866.844653438413	-3876.764265428216	-3866.844653438413	-9.919611989802888	-3866.844653438413	1.8153359134967704	1.4135301669702018	3.42950053491452	0.2608308831662219	0.19788322614845882	0.34751639766764614	0.19376949301767324	-5.902826295243406	1.1594336172867934
23	-3840.122481925732	-3845.542988601168	-3840.122481925732	-5.420506675435952	-3840.122481925732	1.049227412254877	1.1801797065997672	1.6925467272306869	0.26442971580572167	0.20803456638728898	0.3473467219670787	0.18018899583991072	-2.1498603551444475	1.9664186428955974
24	-3837.331423728208	-3845.2392966115067	-3837.331423728208	-7.907872883298949	-3837.331423728208	1.1086971504551235	1.7802593072066202	3.616504054833675	0.26983347713289657	0.21042518291204834	0.34096621894756823	0.17877512100748694	-3.6780346099407706	1.506297863194538
25	-3833.4409160773002	-3842.468726507916	-3833.4409160773002	-9.027810430615883	-3833.4409160773002	0.8051831533640307	1.1920199370297762	2.7624789251166133	0.26407984123095585	0.22247549212464768	0.33617608598070853	0.17726858066368803	-5.334327981428858	0.5616380597053258
26	-3822.897002948524	-3829.478351370756	-3822.897002948524	-6.581348422232088	-3822.897002948524	0.915781525124441	1.4129387108167482	3.6480234997368495	0.2706488985370256	0.21686944963204632	0.3375064274344747	0.17497522439645347	-2.4926260181140085	1.3930409115194917
27	-3816.6009821643643	-3823.8990962039657	-3816.6009821643643	-7.298114039601437	-3816.6009821643643	1.053880002898405	1.4922461178300914	3.109415077175076	0.26226215186390517	0.20853870534519622	0.33177528914881077	0.19742385364208792	-3.358357973208284	1.5218352082630724
28	-3813.030968822717	-3819.897556023694	-3813.030968822717	-6.866587200976844	-3813.030968822717	0.9421060747325954	2.3491489426790935	2.301912588972846	0.27277103811156794	0.1984025116159827	0.3364811471537374	0.19234530311871206	-2.8789678972800634	1.5566936498023143
29	-3808.06457528899	-3813.365492158069	-3808.06457528899	-5.3009168690792805	-3808.06457528899	0.7913975088790914	1.323986854307506	1.991249048302739	0.28052031897090784	0.1984025116159827	0.33630739884133765	0.18476977057177185	-1.8507552252231705	2.341230173589775
30	-3791.9726835699576	-3797.760750795204	-3791.9726835699576	-5.78806722524649	-3791.9726835699576	0.8822737633909241	1.655500109274456	1.4363777470248829	0.26364415246958606	0.20803535349848865	0.3390228060961971	0.18929768793572826	-2.4287797869951193	2.4408509732003796
31	-3791.3853068100593	-3798.0816710940812	-3791.3853068100593	-6.696364284021688	-3791.3853068100593	1.0475865695004871	1.3842269703160304	1.559441416019702	0.2615772575267067	0.20803535349848865	0.3404336850874366	0.18995370388736815	-3.398184904163398	1.842336395802997
32	-3788.3794320369802	-3793.722941144423	-3788.3794320369802	-5.343509107442957	-3788.3794320369802	0.9243310012868606	1.3842269703160304	1.256381535323736	0.26373779981166623	0.21191687738658174	0.3299364540045386	0.19440886879721353	-2.1696301773300783	1.7597134380519377
33	-3787.0496136259903	-3797.700350830679	-3787.0496136259903	-10.650737204688438	-3787.0496136259903	0.7301408861030811	1.257137728358033	1.75173662578789	0.25699799889117664	0.21755059954515754	0.32016988369344024	0.20528151787022567	-7.325045570486584	6.065319563393811
34	-3780.2887343494067	-3785.787302678429	-3780.2887343494067	-5.498568329022515	-3780.2887343494067	0.7807068438972387	1.3595695896152014	1.1911128151945294	0.270165626279923	0.21755059954515754	0.3164538681906289	0.19582990598429068	-2.3608837426465725	3.0915794549620856
35	-3773.138423291496	-3778.7510529197934	-3773.138423291496	-5.61262962829719	-3773.138423291496	0.8625654381402558	1.2868927614435257	1.859151108007179	0.2542504020870438	0.22128663471832777	0.3204794840917081	0.20398347910292036	-2.231005141669419	1.8404555494368346
36	-3772.534827684281	-3781.317485781179	-3772.534827684281	-8.78265809689788	-3772.534827684281	1.0233806436069672	1.3820459987599916	1.1672193299597726	0.25580254006648406	0.22128663471832777	0.31892734611226786	0.20398347910292036	-5.645192829695478	3.6383967477674193
37	-3769.440367584523	-3775.096511609228	-3769.440367584523	-5.656144024705001	-3769.440367584523	0.8484936318663274	1.2883753764907615	1.085777529064088	0.25119736198202186	0.23585378731922843	0.3015942612273271	0.2113545894714227	-2.588423596332891	2.0350227001481715
38	-3753.9529352473223	-3760.221784521044	-3753.9529352473223	-6.268849273721609	-3753.9529352473223	1.0733973805366703	1.4073421253556828	1.0642972245364999	0.2518597661641543	0.24282994355256585	0.2916804641014812	0.2136298261817987	-3.1606326867396333	2.174289968062533
39	-3753.7079101220943	-3762.7576607293477	-3753.7079101220943	-9.049750607253163	-3753.7079101220943	1.148847809873529	1.588265135152992	1.1825336931927382	0.24147576737557946	0.2548059182645638	0.2908245462216281	0.21289376813822875	-5.821190626954158	3.3026685594345686
40	-3751.3174519429185	-3757.890235746213	-3751.3174519429185	-6.572783803294401	-3751.3174519429185	0.8803096392170322	1.2616142244775523	1.1825336931927382	0.2468580610486885	0.2421079641120584	0.28424795050622503	0.22678602433302816	-3.478324115826339	3.237810294615074
41	-3747.4630698140654	-3753.5565223614367	-3747.4630698140654	-6.093452547371246	-3747.4630698140654	1.0346573988515433	1.385501596576658	1.2372521391172258	0.2377788783423268	0.2472835004288946	0.2881515968957505	0.22678602433302816	-2.9267397365939214	1.8705200012296854
42	-3745.9484655161205	-3752.3055451134246	-3745.9484655161205	-6.3570795973041445	-3745.9484655161205	1.0220493407728324	1.5966223542272715	1.0516771407165602	0.23951625184410105	0.24593111009321528	0.2860351824768233	0.22851745558586042	-3.17546862298855	2.280147553172986
43	-3745.859666911214	-3752.498100888792	-3745.859666911214	-6.638433977578384	-3745.859666911214	1.1243837271345805	1.5966223542272715	0.9904521395177299	0.24017734698115273	0.2552531349253608	0.2760520625076261	0.22851745558586042	-3.479198719708596	1.7384619599092481
44	-3743.239628413943	-3750.462539679667	-3743.239628413943	-7.222911265723829	-3743.239628413943	1.2003386199747739	1.4747057645526591	0.8135790792461417	0.23599656531751917	0.2552531349253608	0.2617730335836698	0.24697726617345028	-4.17126571045225	2.368459735017677
45	-3741.4329328431513	-3749.0226897737707	-3741.4329328431513	-7.589756930619333	-3741.4329328431513	1.2285505897504012	1.4747057645526591	1.0234086163527523	0.23825558986915973	0.25300090622677096	0.2533697758213728	0.2553737280826966	-4.4689583956976975	2.4549898144117295
46	-3738.1578993794014	-3745.4460998987015	-3738.1578993794014	-7.2882005192998385	-3738.1578993794014	1.0434941108124023	1.4747057645526591	1.2127351679628586	0.23422769768831672	0.257028798407614	0.25296621359225896	0.25577729031181046	-4.0945624657211175	0.8347132092248718
47	-3738.0610822926883	-3745.482132941264	-3738.0610822926883	-7.421050648575718	-3738.0610822926883	1.0915956309338306	1.33738293774437	1.3808199769660676	0.25068627559790263	0.2510853437314285	0.2553705785611093	0.24285780210955973	-4.215701839495156	2.8380563800297365
48	-3737.971944908089	-3744.103851657632	-3737.971944908089	-6.1319067495427095	-3737.971944908089	1.040625744844063	1.33738293774437	1.3808199769660676	0.25318097670364875	0.2527053056327652	0.24096136099348234	0.25315235667010383	-2.9265579404621476	1.8071106876090197
49	-3737.956276207419	-3745.081539589144	-3737.956276207419	-7.125263381725223	-3737.956276207419	1.1742041753194585	1.33738293774437	1.056420077691038	0.24851293302513622	0.2524096074159436	0.25174586173969205	0.2473315978192283	-4.048674209156437	0.962684039738386
50	-3735.892295722463	-3741.774108044988	-3735.892295722463	-5.881812322525089	-3735.892295722463	0.9841512104541422	1.4289026552833093	1.1405261171788241	0.2509731897558981	0.24678520133812118	0.24351174252926508	0.2587298663767158	-2.7355304028901193	1.4317767135144204
51	-3735.678389964826	-3741.7648055392992	-3735.678389964826	-6.086415574473634	-3735.678389964826	1.03572721541128	1.4289026552833093	1.1405261171788241	0.2515388620219575	0.2511492013032996	0.24844999313635502	0.24886194353838806	-2.9401336548386627	1.5641634303934049
52	-3735.2327607873876	-3741.374521812428	-3735.2327607873876	-6.141761025040621	-3735.2327607873876	1.0490255092320036	1.4082519347874172	1.1405261171788241	0.2452696875510732	0.25126481987611643	0.24844999313635502	0.2550154994364555	-3.003977279487386	2.0039968728411997
53	-3735.0199463639897	-3741.2603493473057	-3735.0199463639897	-6.240402983315853	-3735.0199463639897	1.0151207898430237	1.3984926253588004	1.102433015514195	0.24797119292861367	0.26057315004326115	0.2476405652751661	0.2438150917529592	-3.1213496327917856	2.2531754123447314
54	-3734.874397856999	-3742.0880425844834	-3734.874397856999	-7.213644727484167	-3734.874397856999	0.9932750230310484	1.266820242577029	1.102433015514195	0.24711749092064125	0.26233628559818933	0.24102278830662466	0.24952343517454487	-4.148286850900995	3.1541508600304344
55	-3734.752179401433	-3740.7315854065455	-3734.752179401433	-5.9794060051126765	-3734.752179401433	1.0515645589667155	1.266820242577029	0.9227332464946766	0.24787502819230728	0.25886318004266295	0.24102278830662466	0.2522390034584053	-2.9790785205204187	1.6882067406891657
56	-3734.5148089814843	-3740.6535172926706	-3734.5148089814843	-6.138708311186081	-3734.5148089814843	0.9824888383169859	1.3727281612330073	1.0624771596084162	0.2546678886804427	0.25587128414321403	0.24123165606980096	0.24822917110654255	-3.045387757485128	1.2164590999774816
57	-3734.5135135635237	-3740.7533593898847	-3734.5135135635237	-6.239845826360915	-3734.5135135635237	1.0041141180216369	1.3727281612330073	1.0827466050459915	0.25150204976356444	0.255617220004654	0.23632891951514676	0.2565518107166351	-3.138874797209437	2.369392328655144
58	-3734.472800698429	-3740.702809259144	-3734.472800698429	-6.230008560714868	-3734.472800698429	1.0180761192846326	1.3314769607331485	1.0827466050459915	0.2538757448388433	0.2610238234371179	0.23597083041969924	0.24912960130433984	-3.145909925853898	2.3280720512349244
59	-3734.463226878994	-3741.9841543825014	-3734.463226878994	-7.520927503507169	-3734.463226878994	1.0410677509317199	1.3314769607331485	1.0827466050459915	0.2538757448388433	0.2610238234371179	0.23520250608170123	0.24989792564233784	-4.436828868646199	0.745305975066558
60	-3734.4522769862397	-3741.50507158603	-3734.4522769862397	-7.052794599790523	-3734.4522769862397	1.0273252009162661	1.3314769607331485	1.104882874991581	0.25453327985720164	0.256469172536865	0.23779020047742527	0.25120734712850823	-3.9602493423785345	0.8642377888427262
61	-3734.336297830137	-3740.4517510996147	-3734.336297830137	-6.1154532694778085	-3734.336297830137	1.0193969316428375	1.322196681746143	1.104882874991581	0.25453327985720164	0.256469172536865	0.23779020047742527	0.25120734712850823	-3.0266918440858808	2.170440406992011
62	-3734.266568067257	-3740.3410694361773	-3734.266568067257	-6.074501368920174	-3734.266568067257	1.0531535941493815	1.3447694943456607	1.0125352086334958	0.25572545653853596	0.256469172536865	0.23779020047742527	0.2500151704471739	-3.0110834638685615	1.6700490327338082
63	-3734.244480751773	-3741.6631290838254	-3734.244480751773	-7.418648332052154	-3734.244480751773	1.0596442469937557	1.3447694943456607	1.0125352086334958	0.24920083261377107	0.2606329347102302	0.240151062228825	0.2500151704471739	-4.355230427000541	0.7721321924139736
64	-3734.213721458444	-3740.244960130433	-3734.213721458444	-6.0312386719889135	-3734.213721458444	1.0350354774340258	1.4392548056280154	1.0183538640156908	0.24920083261377107	0.2606329347102302	0.2427155660408364	0.24745066663516252	-2.9269080330133326	1.5710773283010566
65	-3734.1824126406773	-3742.4364766046233	-3734.1824126406773	-8.254063963946118	-3734.1824126406773	1.046830038169835	1.4392548056280154	1.076474568947084	0.24920083261377107	0.25754920485554184	0.2411092435540278	0.2521407189766595	-5.128120018382004	3.5423643955235056
66	-3734.169626396961	-3740.406447530541	-3734.169626396961	-6.236821133579502	-3734.169626396961	1.054342414423521	1.4392548056280154	1.076474568947084	0.24920083261377107	0.25903035226752025	0.2411092435540278	0.2506595715646811	-3.1108771880153885	1.3309864478614608
67	-3734.1691790419654	-3742.059273473992	-3734.1691790419654	-7.890094432026704	-3734.1691790419654	1.062779180599127	1.4392548056280154	1.076474568947084	0.24920083261377107	0.25903035226752025	0.2411092435540278	0.2506595715646811	-4.76415048646259	3.258601609129375
68	-3734.1409139962457	-3740.6594890423926	-3734.1409139962457	-6.518575046146809	-3734.1409139962457	1.0404923767122316	1.4392548056280154	1.0429756626123245	0.25015880331562673	0.25903035226752025	0.2411092435540278	0.24970160086282545	-3.4051831480008006	2.4313286267790373
69	-3734.1208577998364	-3740.1844367577537	-3734.1208577998364	-6.063578957917374	-3734.1208577998364	1.0346674652716494	1.4392548056280154	1.0588812704036452	0.2489476737586978	0.25903035226752025	0.2411092435540278	0.25091273041975437	-2.9442575339683943	1.8303115865810302
70	-3734.114689910175	-3740.9461632253788	-3734.114689910175	-6.831473315203638	-3734.114689910175	1.0423364260161223	1.4392548056280154	1.0588812704036452	0.2489476737586978	0.25903035226752025	0.2411092435540278	0.25091273041975437	-3.712151891254659	2.645976553373541
71	-3734.093723017896	-3740.1040913521024	-3734.093723017896	-6.010368334206301	-3734.093723017896	1.0276706954142845	1.3752730060780538	1.0588812704036452	0.2498346635777823	0.2585443571334447	0.2411092435540278	0.2505117357347454	-2.9173526635995666	1.7776842522001584
72	-3734.0663371481155	-3740.082536030733	-3734.0663371481155	-6.016198882617736	-3734.0663371481155	1.0291925369493329	1.3752730060780538	1.0588812704036452	0.2498346635777823	0.2585443571334447	0.2411092435540278	0.2505117357347454	-2.9231832120110024	1.8785522821601777
73	-3734.054564462482	-3740.4765183071963	-3734.054564462482	-6.4219538447142686	-3734.054564462482	1.0302008244938903	1.3752730060780538	1.0523222307800633	0.2498346635777823	0.2585443571334447	0.2411092435540278	0.2505117357347454	-3.331390224446224	2.423816485605262
74	-3734.050657843935	-3740.318146309314	-3734.050657843935	-6.267488465379301	-3734.050657843935	1.0296245344618502	1.3752730060780538	1.0370829632056056	0.2498346635777823	0.2585443571334447	0.2422014416152723	0.2494195376735009	-3.1825843582832203	2.2638822719520943
75	-3734.0450259045874	-3740.733993817287	-3734.0450259045874	-6.688967912699152	-3734.0450259045874	1.030073028896151	1.3752730060780538	1.0370829632056056	0.2498346635777823	0.2585443571334447	0.2422014416152723	0.2494195376735009	-3.6040638056030714	2.637223198800398
76	-3734.035690802741	-3740.0822739779974	-3734.035690802741	-6.046583175256372	-3734.035690802741	1.0323593153572463	1.3752730060780538	1.0370829632056056	0.2498346635777823	0.2585443571334447	0.24136209373270393	0.25025888555606923	-2.961679068160292	1.4478693511051175
77	-3734.034714806955	-3740.0349776801786	-3734.034714806955	-6.0002628732237495	-3734.034714806955	1.0345472776188436	1.3752730060780538	1.0370829632056056	0.2498346635777823	0.2585443571334447	0.24136209373270393	0.25025888555606923	-2.915358766127669	1.7672288684031534
78	-3734.029368886756	-3742.054905575357	-3734.029368886756	-8.02553668860119	-3734.029368886756	1.0389115768221038	1.3752730060780538	1.0370829632056056	0.25037279985386757	0.2585443571334447	0.24082395745661866	0.25025888555606923	-4.94063258150511	3.4510679850018233
79	-3734.026451158387	-3740.0731358770945	-3734.026451158387	-6.046684718707582	-3734.026451158387	1.0358547246385297	1.3752730060780538	1.0370829632056056	0.25037279985386757	0.2585443571334447	0.24082395745661866	0.25025888555606923	-2.9617806116115024	1.4541224996509523
80	-3734.0249742820465	-3742.073609001142	-3734.0249742820465	-8.048634719095578	-3734.0249742820465	1.0278956562100188	1.3752730060780538	1.0370829632056056	0.25222068517199575	0.2566964718153165	0.24082395745661866	0.25025888555606923	-4.963730611999498	3.497924012005965
81	-3734.0246860810116	-3740.0299358757743	-3734.0246860810116	-6.005249794762756	-3734.0246860810116	1.0371594309493009	1.3752730060780538	1.0370829632056056	0.25222068517199575	0.2566964718153165	0.24082395745661866	0.25025888555606923	-2.920345687666676	1.6805254613331402
82	-3734.0240433364024	-3740.2933796863917	-3734.0240433364024	-6.269336349989189	-3734.0240433364024	1.0343876296123413	1.3659459699712948	1.0370829632056056	0.25222068517199575	0.2566964718153165	0.24101189962956926	0.25007094338311864	-3.1882550490837867	2.249744840399763
83	-3734.0229678562023	-3740.169670482313	-3734.0229678562023	-6.146702626110785	-3734.0229678562023	1.0339896766212175	1.3659459699712948	1.0370829632056056	0.25222068517199575	0.2566964718153165	0.24101189962956926	0.25007094338311864	-3.0656213252053823	1.3123788087475519
84	-3734.022245586332	-3742.138456006685	-3734.022245586332	-8.11621042035333	-3734.022245586332	1.033424607704788	1.3659459699712948	1.0370829632056056	0.25222068517199575	0.2566964718153165	0.24101189962956926	0.25007094338311864	-5.0351291194479275	3.512689201036334
85	-3734.0218610660972	-3740.2070358460314	-3734.0218610660972	-6.185174779933981	-3734.0218610660972	1.033424607704788	1.3659459699712948	1.0370829632056056	0.25222068517199575	0.2566964718153165	0.24101189962956926	0.25007094338311864	-3.104093479028579	1.2770320376772748
86	-3734.0218278757843	-3740.068678794759	-3734.0218278757843	-6.046850918974743	-3734.0218278757843	1.033424607704788	1.3659459699712948	1.0370829632056056	0.25222068517199575	0.2566964718153165	0.24101189962956926	0.25007094338311864	-2.9657696180693405	1.9407252391690166
87	-3734.0214401847925	-3741.2931997405544	-3734.0214401847925	-7.271759555761784	-3734.0214401847925	1.033424607704788	1.3659459699712948	1.0370829632056056	0.25222068517199575	0.2566964718153165	0.24101189962956926	0.25007094338311864	-4.1906782548563815	3.0299859266609968
88	-3734.021301313193	-3740.097936080593	-3734.021301313193	-6.076634767400334	-3734.021301313193	1.0342422021781497	1.3659459699712948	1.0370829632056056	0.25222068517199575	0.2566964718153165	0.24101189962956926	0.25007094338311864	-2.9955534664949317	1.9837801731204636
89	-3734.021279372122	-3740.1057783665537	-3734.021279372122	-6.084498994431662	-3734.021279372122	1.0309337769514142	1.3659459699712948	1.0370829632056056	0.25222068517199575	0.2566964718153165	0.24101189962956926	0.25007094338311864	-3.00341769352626	2.0218145851093756
90	-3734.020070793925	-3740.1014093588587	-3734.020070793925	-6.081338564933828	-3734.020070793925	1.02848145112445	1.382384155502825	1.0370829632056056	0.2522142230037493	0.25780149667001034	0.24051940449553702	0.2494648758307035	-2.9935174974345014	1.3784828884617353
91	-3734.018658883271	-3740.026839436502	-3734.018658883271	-6.008180553231077	-3734.018658883271	1.0376520433342016	1.382384155502825	1.0370829632056056	0.2522142230037493	0.25780149667001034	0.24051940449553702	0.2494648758307035	-2.92035948573175	1.6149912251875977
92	-3734.0182042369674	-3740.283004633369	-3734.0182042369674	-6.264800396401228	-3734.0182042369674	1.0378233836707706	1.382384155502825	1.0370829632056056	0.25202984675778967	0.25798587291596997	0.24051940449553702	0.2494648758307035	-3.176979328901901	2.212393335438252
